<?xml version="1.0" encoding="utf-8"?><testsuites><testsuite name="pytest" errors="0" failures="0" skipped="0" tests="5" time="0.386" timestamp="2026-02-06T11:44:41.478590" hostname="2ba411fdb727"><testcase classname="tests.test_x108_interop" name="test_x108_hold_or_act[hold_irrev_0]" time="0.278" /><testcase classname="tests.test_x108_interop" name="test_x108_hold_or_act[hold_irrev_50]" time="0.001" /><testcase classname="tests.test_x108_interop" name="test_x108_hold_or_act[act_irrev_108]" time="0.001" /><testcase classname="tests.test_x108_interop" name="test_x108_hold_or_act[act_reversible]" time="0.001" /><testcase classname="tests.test_x108_interop" name="test_x108_hold_or_act[reject_contract]" time="0.001" /></testsuite></testsuites>